Started GET "/" for 127.0.0.1 at 2018-11-26 18:58:13 -0700
Processing by Rails::WelcomeController#index as HTML
  Rendering /Library/Ruby/Gems/2.3.0/gems/railties-5.2.1/lib/rails/templates/rails/welcome/index.html.erb
  Rendered /Library/Ruby/Gems/2.3.0/gems/railties-5.2.1/lib/rails/templates/rails/welcome/index.html.erb (3.8ms)
Completed 200 OK in 32ms (Views: 10.0ms | ActiveRecord: 0.0ms)


Started GET "/" for 127.0.0.1 at 2018-11-26 19:05:49 -0700
Processing by Rails::WelcomeController#index as HTML
  Rendering /Library/Ruby/Gems/2.3.0/gems/railties-5.2.1/lib/rails/templates/rails/welcome/index.html.erb
  Rendered /Library/Ruby/Gems/2.3.0/gems/railties-5.2.1/lib/rails/templates/rails/welcome/index.html.erb (3.6ms)
Completed 200 OK in 33ms (Views: 10.1ms | ActiveRecord: 0.0ms)


Started GET "/" for 127.0.0.1 at 2018-11-26 19:12:15 -0700
Processing by PostsController#index as HTML
  Rendering posts/index.html.erb within layouts/application
  Rendered posts/index.html.erb within layouts/application (0.5ms)
Completed 200 OK in 682ms (Views: 677.2ms | ActiveRecord: 0.0ms)


Started GET "/" for 127.0.0.1 at 2018-11-26 19:15:40 -0700
Processing by PostsController#index as HTML
  Rendering posts/index.html.erb within layouts/application
  Rendered posts/index.html.erb within layouts/application (0.6ms)
Completed 200 OK in 83ms (Views: 78.5ms | ActiveRecord: 0.0ms)


Started GET "/about" for 127.0.0.1 at 2018-11-26 19:15:51 -0700
Processing by PagesController#about as HTML
  Rendering pages/about.html.erb within layouts/application
  Rendered pages/about.html.erb within layouts/application (0.5ms)
Completed 200 OK in 41ms (Views: 33.5ms | ActiveRecord: 0.0ms)


Started GET "/about" for 127.0.0.1 at 2018-11-26 19:16:41 -0700
Processing by PagesController#about as HTML
  Rendering pages/about.html.erb within layouts/application
  Rendered pages/about.html.erb within layouts/application (0.7ms)
Completed 200 OK in 48ms (Views: 43.0ms | ActiveRecord: 0.0ms)


Started GET "/about" for 127.0.0.1 at 2018-11-26 19:17:18 -0700
Processing by PagesController#about as HTML
  Rendering pages/about.html.erb within layouts/application
  Rendered pages/about.html.erb within layouts/application (0.7ms)
Completed 200 OK in 54ms (Views: 49.6ms | ActiveRecord: 0.0ms)


Started GET "/about" for 127.0.0.1 at 2018-11-26 19:20:06 -0700
Processing by PagesController#about as HTML
  Rendering pages/about.html.erb within layouts/application
  Rendered pages/about.html.erb within layouts/application (0.5ms)
Completed 200 OK in 49ms (Views: 43.7ms | ActiveRecord: 0.0ms)


Started GET "/posts/new" for 127.0.0.1 at 2018-11-26 19:20:15 -0700
Processing by PostsController#new as HTML
  Rendering posts/new.html.erb within layouts/application
  Rendered posts/new.html.erb within layouts/application (0.4ms)
Completed 200 OK in 45ms (Views: 38.0ms | ActiveRecord: 0.0ms)


